<?xml version="1.0" encoding="UTF-8"?>
<!-- Generated by org.testng.reporters.JUnitReportReporter -->
<testsuite hostname="DESKTOP-66BAJ88" failures="0" tests="3" name="testcases.LoginModule" time="0.529" errors="0" timestamp="2023-09-15T21:00:45 IST" skipped="0">
  <testcase classname="testcases.LoginModule" name="testcase1" time="0.525"/>
  <testcase classname="testcases.LoginModule" name="testcase3" time="0.002"/>
  <testcase classname="testcases.LoginModule" name="testcase2" time="0.002"/>
</testsuite> <!-- testcases.LoginModule -->
